<?xml version="1.0" encoding="UTF-8"?>
<!-- Generated by org.testng.reporters.JUnitXMLReporter -->
<testsuite hostname="LAPTOP-09BGILIP" ignored="1" name="automation-practice-maven-1" tests="1" failures="1" timestamp="2022-05-09T19:11:49 BST" time="0.061" errors="0">
  <testcase name="verifyUserShouldAddProductToTheCartSuccessfully" time="0.0" classname="com.automation.testsuite.WomenCategoryPageTest">
    <failure type="org.testng.TestNGException" message="
Cannot inject @Test annotated Method [verifyUserShouldAddProductToTheCartSuccessfully] with [class java.lang.String, class java.lang.String, class java.lang.String, class java.lang.String].
For more information on native dependency injection please refer to https://testng.org/doc/documentation-main.html#native-dependency-injection">
      <![CDATA[org.testng.TestNGException: 
Cannot inject @Test annotated Method [verifyUserShouldAddProductToTheCartSuccessfully] with [class java.lang.String, class java.lang.String, class java.lang.String, class java.lang.String].
For more information on native dependency injection please refer to https://testng.org/doc/documentation-main.html#native-dependency-injection
at java.util.ArrayList.forEach(ArrayList.java:1249)
at com.intellij.rt.testng.IDEARemoteTestNG.run(IDEARemoteTestNG.java:66)
at com.intellij.rt.testng.RemoteTestNGStarter.main(RemoteTestNGStarter.java:109)
... Removed 23 stack frames]]>
    </failure>
  </testcase> <!-- verifyUserShouldAddProductToTheCartSuccessfully -->
  <testcase name="verifyUserShouldNavigateToWomenCategoryPageSuccessfully" time="0.0" classname="com.automation.testsuite.WomenCategoryPageTest">
    <ignored/>
  </testcase> <!-- verifyUserShouldNavigateToWomenCategoryPageSuccessfully -->
</testsuite> <!-- automation-practice-maven-1 -->
